[0m11:27:54.459128 [debug] [MainThread]: Sending event: {'category': 'dbt', 'action': 'invocation', 'label': 'start', 'context': [<snowplow_tracker.self_describing_json.SelfDescribingJson object at 0x10cd003d0>, <snowplow_tracker.self_describing_json.SelfDescribingJson object at 0x10ddb1150>, <snowplow_tracker.self_describing_json.SelfDescribingJson object at 0x10ddb1840>]}


============================== 11:27:54.461711 | 13c2a999-75f5-477f-b5c3-31c6e039c03f ==============================
[0m11:27:54.461711 [info ] [MainThread]: Running with dbt=1.10.7
[0m11:27:54.462033 [debug] [MainThread]: running dbt with arguments {'printer_width': '80', 'indirect_selection': 'eager', 'log_cache_events': 'False', 'write_json': 'True', 'partial_parse': 'True', 'cache_selected_only': 'False', 'profiles_dir': '/Users/nuhibesimi/rosetta-dbt-studio-projects/dbtstudio_getting_started', 'debug': 'False', 'warn_error': 'None', 'log_path': '/Users/nuhibesimi/rosetta-dbt-studio-projects/dbtstudio_getting_started/logs', 'version_check': 'True', 'fail_fast': 'False', 'use_colors': 'True', 'use_experimental_parser': 'False', 'empty': 'False', 'quiet': 'False', 'no_print': 'None', 'log_format': 'default', 'introspect': 'True', 'warn_error_options': 'WarnErrorOptionsV2(error=[], warn=[], silence=[])', 'invocation_command': 'dbt run', 'target_path': 'None', 'static_parser': 'True', 'send_anonymous_usage_stats': 'True'}
[0m11:27:54.604662 [debug] [MainThread]: Sending event: {'category': 'dbt', 'action': 'project_id', 'label': '13c2a999-75f5-477f-b5c3-31c6e039c03f', 'context': [<snowplow_tracker.self_describing_json.SelfDescribingJson object at 0x10b6077f0>]}
[0m11:27:54.631863 [debug] [MainThread]: Sending event: {'category': 'dbt', 'action': 'adapter_info', 'label': '13c2a999-75f5-477f-b5c3-31c6e039c03f', 'context': [<snowplow_tracker.self_describing_json.SelfDescribingJson object at 0x10dd84250>]}
[0m11:27:54.634037 [info ] [MainThread]: Registered adapter: duckdb=1.10.0
[0m11:27:54.708613 [debug] [MainThread]: checksum: 44f4b502e2ddc67beed4db71ce39b63f2d3b7fc0b96e49a69b096c8f6cc370bc, vars: {}, profile: , target: , version: 1.10.7
[0m11:27:54.709176 [info ] [MainThread]: Unable to do partial parsing because saved manifest not found. Starting full parse.
[0m11:27:54.709417 [debug] [MainThread]: Sending event: {'category': 'dbt', 'action': 'partial_parser', 'label': '13c2a999-75f5-477f-b5c3-31c6e039c03f', 'context': [<snowplow_tracker.self_describing_json.SelfDescribingJson object at 0x10e07fc40>]}
[0m11:27:55.340880 [debug] [MainThread]: Sending event: {'category': 'dbt', 'action': 'load_project', 'label': '13c2a999-75f5-477f-b5c3-31c6e039c03f', 'context': [<snowplow_tracker.self_describing_json.SelfDescribingJson object at 0x10e4bec50>]}
[0m11:27:55.416459 [debug] [MainThread]: Wrote artifact WritableManifest to /Users/nuhibesimi/rosetta-dbt-studio-projects/dbtstudio_getting_started/target/manifest.json
[0m11:27:55.417869 [debug] [MainThread]: Wrote artifact SemanticManifest to /Users/nuhibesimi/rosetta-dbt-studio-projects/dbtstudio_getting_started/target/semantic_manifest.json
[0m11:27:55.428834 [debug] [MainThread]: Sending event: {'category': 'dbt', 'action': 'resource_counts', 'label': '13c2a999-75f5-477f-b5c3-31c6e039c03f', 'context': [<snowplow_tracker.self_describing_json.SelfDescribingJson object at 0x10b84ed10>]}
[0m11:27:55.429166 [info ] [MainThread]: Found 4 models, 16 data tests, 4 sources, 443 macros
[0m11:27:55.429366 [debug] [MainThread]: Sending event: {'category': 'dbt', 'action': 'runnable_timing', 'label': '13c2a999-75f5-477f-b5c3-31c6e039c03f', 'context': [<snowplow_tracker.self_describing_json.SelfDescribingJson object at 0x10b84cbb0>]}
[0m11:27:55.430361 [info ] [MainThread]: 
[0m11:27:55.430637 [info ] [MainThread]: Concurrency: 4 threads (target='dev')
[0m11:27:55.430820 [info ] [MainThread]: 
[0m11:27:55.431102 [debug] [MainThread]: Acquiring new duckdb connection 'master'
[0m11:27:55.433564 [debug] [ThreadPool]: Acquiring new duckdb connection 'list_university_sample'
[0m11:27:55.463200 [debug] [ThreadPool]: Using duckdb connection "list_university_sample"
[0m11:27:55.463694 [debug] [ThreadPool]: On list_university_sample: /* {"app": "dbt", "dbt_version": "1.10.7", "profile_name": "dbtstudio_getting_started", "target_name": "dev", "connection_name": "list_university_sample"} */

    
    select schema_name
    from system.information_schema.schemata
    
    where lower(catalog_name) = '"university_sample"'
    
  
  
[0m11:27:55.463897 [debug] [ThreadPool]: Opening a new connection, currently in state init
[0m11:27:55.491060 [debug] [ThreadPool]: SQL status: OK in 0.027 seconds
[0m11:27:55.493178 [debug] [ThreadPool]: On list_university_sample: Close
[0m11:27:55.494346 [debug] [ThreadPool]: Re-using an available connection from the pool (formerly list_university_sample, now create_university_sample_main)
[0m11:27:55.495215 [debug] [ThreadPool]: Creating schema "database: "university_sample"
schema: "main"
"
[0m11:27:55.499903 [debug] [ThreadPool]: Using duckdb connection "create_university_sample_main"
[0m11:27:55.500193 [debug] [ThreadPool]: On create_university_sample_main: /* {"app": "dbt", "dbt_version": "1.10.7", "profile_name": "dbtstudio_getting_started", "target_name": "dev", "connection_name": "create_university_sample_main"} */

    
        select type from duckdb_databases()
        where lower(database_name)='university_sample'
        and type='sqlite'
    
  
[0m11:27:55.500373 [debug] [ThreadPool]: Opening a new connection, currently in state closed
[0m11:27:55.501140 [debug] [ThreadPool]: SQL status: OK in 0.001 seconds
[0m11:27:55.501772 [debug] [ThreadPool]: Using duckdb connection "create_university_sample_main"
[0m11:27:55.501923 [debug] [ThreadPool]: On create_university_sample_main: BEGIN
[0m11:27:55.502156 [debug] [ThreadPool]: SQL status: OK in 0.000 seconds
[0m11:27:55.502303 [debug] [ThreadPool]: Using duckdb connection "create_university_sample_main"
[0m11:27:55.502452 [debug] [ThreadPool]: On create_university_sample_main: /* {"app": "dbt", "dbt_version": "1.10.7", "profile_name": "dbtstudio_getting_started", "target_name": "dev", "connection_name": "create_university_sample_main"} */

    
    
        create schema if not exists "university_sample"."main"
    
[0m11:27:55.502709 [debug] [ThreadPool]: SQL status: OK in 0.000 seconds
[0m11:27:55.503068 [debug] [ThreadPool]: On create_university_sample_main: COMMIT
[0m11:27:55.503230 [debug] [ThreadPool]: Using duckdb connection "create_university_sample_main"
[0m11:27:55.503376 [debug] [ThreadPool]: On create_university_sample_main: COMMIT
[0m11:27:55.503594 [debug] [ThreadPool]: SQL status: OK in 0.000 seconds
[0m11:27:55.503752 [debug] [ThreadPool]: On create_university_sample_main: Close
[0m11:27:55.504394 [debug] [ThreadPool]: Re-using an available connection from the pool (formerly create_university_sample_main, now list_university_sample_main)
[0m11:27:55.507761 [debug] [ThreadPool]: Using duckdb connection "list_university_sample_main"
[0m11:27:55.508000 [debug] [ThreadPool]: On list_university_sample_main: BEGIN
[0m11:27:55.508144 [debug] [ThreadPool]: Opening a new connection, currently in state closed
[0m11:27:55.508433 [debug] [ThreadPool]: SQL status: OK in 0.000 seconds
[0m11:27:55.508592 [debug] [ThreadPool]: Using duckdb connection "list_university_sample_main"
[0m11:27:55.508765 [debug] [ThreadPool]: On list_university_sample_main: /* {"app": "dbt", "dbt_version": "1.10.7", "profile_name": "dbtstudio_getting_started", "target_name": "dev", "connection_name": "list_university_sample_main"} */
select
      'university_sample' as database,
      table_name as name,
      table_schema as schema,
      CASE table_type
        WHEN 'BASE TABLE' THEN 'table'
        WHEN 'VIEW' THEN 'view'
        WHEN 'LOCAL TEMPORARY' THEN 'table'
        END as type
    from system.information_schema.tables
    where lower(table_schema) = 'main'
    and lower(table_catalog) = 'university_sample'
  
[0m11:27:55.515070 [debug] [ThreadPool]: SQL status: OK in 0.006 seconds
[0m11:27:55.515811 [debug] [ThreadPool]: On list_university_sample_main: ROLLBACK
[0m11:27:55.516432 [debug] [ThreadPool]: Failed to rollback 'list_university_sample_main'
[0m11:27:55.516597 [debug] [ThreadPool]: On list_university_sample_main: Close
[0m11:27:55.517234 [debug] [MainThread]: Sending event: {'category': 'dbt', 'action': 'runnable_timing', 'label': '13c2a999-75f5-477f-b5c3-31c6e039c03f', 'context': [<snowplow_tracker.self_describing_json.SelfDescribingJson object at 0x10e7900a0>]}
[0m11:27:55.517529 [debug] [MainThread]: Using duckdb connection "master"
[0m11:27:55.517704 [debug] [MainThread]: On master: BEGIN
[0m11:27:55.517863 [debug] [MainThread]: Opening a new connection, currently in state init
[0m11:27:55.518157 [debug] [MainThread]: SQL status: OK in 0.000 seconds
[0m11:27:55.518316 [debug] [MainThread]: On master: COMMIT
[0m11:27:55.518469 [debug] [MainThread]: Using duckdb connection "master"
[0m11:27:55.518625 [debug] [MainThread]: On master: COMMIT
[0m11:27:55.518847 [debug] [MainThread]: SQL status: OK in 0.000 seconds
[0m11:27:55.519010 [debug] [MainThread]: On master: Close
[0m11:27:55.520492 [debug] [Thread-1 (]: Began running node model.dbtstudio_getting_started.main_courses
[0m11:27:55.520842 [debug] [Thread-2 (]: Began running node model.dbtstudio_getting_started.main_enrollments
[0m11:27:55.521062 [debug] [Thread-3 (]: Began running node model.dbtstudio_getting_started.main_grades
[0m11:27:55.521259 [debug] [Thread-4 (]: Began running node model.dbtstudio_getting_started.main_students
[0m11:27:55.521544 [info ] [Thread-1 (]: 1 of 4 START sql view model main.main_courses .................................. [RUN]
[0m11:27:55.521844 [info ] [Thread-2 (]: 2 of 4 START sql view model main.main_enrollments .............................. [RUN]
[0m11:27:55.522250 [info ] [Thread-3 (]: 3 of 4 START sql view model main.main_grades ................................... [RUN]
[0m11:27:55.522502 [info ] [Thread-4 (]: 4 of 4 START sql view model main.main_students ................................. [RUN]
[0m11:27:55.522785 [debug] [Thread-1 (]: Re-using an available connection from the pool (formerly list_university_sample_main, now model.dbtstudio_getting_started.main_courses)
[0m11:27:55.523065 [debug] [Thread-2 (]: Acquiring new duckdb connection 'model.dbtstudio_getting_started.main_enrollments'
[0m11:27:55.523316 [debug] [Thread-3 (]: Acquiring new duckdb connection 'model.dbtstudio_getting_started.main_grades'
[0m11:27:55.523547 [debug] [Thread-4 (]: Acquiring new duckdb connection 'model.dbtstudio_getting_started.main_students'
[0m11:27:55.523755 [debug] [Thread-1 (]: Began compiling node model.dbtstudio_getting_started.main_courses
[0m11:27:55.523942 [debug] [Thread-2 (]: Began compiling node model.dbtstudio_getting_started.main_enrollments
[0m11:27:55.524122 [debug] [Thread-3 (]: Began compiling node model.dbtstudio_getting_started.main_grades
[0m11:27:55.524299 [debug] [Thread-4 (]: Began compiling node model.dbtstudio_getting_started.main_students
[0m11:27:55.528557 [debug] [Thread-1 (]: Writing injected SQL for node "model.dbtstudio_getting_started.main_courses"
[0m11:27:55.530083 [debug] [Thread-2 (]: Writing injected SQL for node "model.dbtstudio_getting_started.main_enrollments"
[0m11:27:55.531508 [debug] [Thread-3 (]: Writing injected SQL for node "model.dbtstudio_getting_started.main_grades"
[0m11:27:55.532782 [debug] [Thread-4 (]: Writing injected SQL for node "model.dbtstudio_getting_started.main_students"
[0m11:27:55.533478 [debug] [Thread-2 (]: Began executing node model.dbtstudio_getting_started.main_enrollments
[0m11:27:55.533673 [debug] [Thread-1 (]: Began executing node model.dbtstudio_getting_started.main_courses
[0m11:27:55.533864 [debug] [Thread-3 (]: Began executing node model.dbtstudio_getting_started.main_grades
[0m11:27:55.534081 [debug] [Thread-4 (]: Began executing node model.dbtstudio_getting_started.main_students
[0m11:27:55.550375 [debug] [Thread-2 (]: Writing runtime sql for node "model.dbtstudio_getting_started.main_enrollments"
[0m11:27:55.552650 [debug] [Thread-1 (]: Writing runtime sql for node "model.dbtstudio_getting_started.main_courses"
[0m11:27:55.555049 [debug] [Thread-3 (]: Writing runtime sql for node "model.dbtstudio_getting_started.main_grades"
[0m11:27:55.556954 [debug] [Thread-4 (]: Writing runtime sql for node "model.dbtstudio_getting_started.main_students"
[0m11:27:55.557926 [debug] [Thread-3 (]: Using duckdb connection "model.dbtstudio_getting_started.main_grades"
[0m11:27:55.558207 [debug] [Thread-4 (]: Using duckdb connection "model.dbtstudio_getting_started.main_students"
[0m11:27:55.558428 [debug] [Thread-1 (]: Using duckdb connection "model.dbtstudio_getting_started.main_courses"
[0m11:27:55.558659 [debug] [Thread-2 (]: Using duckdb connection "model.dbtstudio_getting_started.main_enrollments"
[0m11:27:55.558980 [debug] [Thread-3 (]: On model.dbtstudio_getting_started.main_grades: BEGIN
[0m11:27:55.559451 [debug] [Thread-4 (]: On model.dbtstudio_getting_started.main_students: BEGIN
[0m11:27:55.559646 [debug] [Thread-1 (]: On model.dbtstudio_getting_started.main_courses: BEGIN
[0m11:27:55.559836 [debug] [Thread-2 (]: On model.dbtstudio_getting_started.main_enrollments: BEGIN
[0m11:27:55.560021 [debug] [Thread-3 (]: Opening a new connection, currently in state init
[0m11:27:55.560201 [debug] [Thread-4 (]: Opening a new connection, currently in state init
[0m11:27:55.560371 [debug] [Thread-1 (]: Opening a new connection, currently in state closed
[0m11:27:55.560552 [debug] [Thread-2 (]: Opening a new connection, currently in state init
[0m11:27:55.560983 [debug] [Thread-3 (]: SQL status: OK in 0.001 seconds
[0m11:27:55.561271 [debug] [Thread-4 (]: SQL status: OK in 0.001 seconds
[0m11:27:55.561519 [debug] [Thread-1 (]: SQL status: OK in 0.001 seconds
[0m11:27:55.561719 [debug] [Thread-2 (]: SQL status: OK in 0.001 seconds
[0m11:27:55.561902 [debug] [Thread-3 (]: Using duckdb connection "model.dbtstudio_getting_started.main_grades"
[0m11:27:55.562096 [debug] [Thread-4 (]: Using duckdb connection "model.dbtstudio_getting_started.main_students"
[0m11:27:55.562288 [debug] [Thread-1 (]: Using duckdb connection "model.dbtstudio_getting_started.main_courses"
[0m11:27:55.562472 [debug] [Thread-2 (]: Using duckdb connection "model.dbtstudio_getting_started.main_enrollments"
[0m11:27:55.562669 [debug] [Thread-3 (]: On model.dbtstudio_getting_started.main_grades: /* {"app": "dbt", "dbt_version": "1.10.7", "profile_name": "dbtstudio_getting_started", "target_name": "dev", "node_id": "model.dbtstudio_getting_started.main_grades"} */

  
  create view "university_sample"."main"."main_grades__dbt_tmp" as (
    with grades as (
	select
		grade_id,
		enrollment_id,
		grade,
		date_recorded
	from "university_sample"."main"."grades"
)

select * from grades
  );

[0m11:27:55.563024 [debug] [Thread-4 (]: On model.dbtstudio_getting_started.main_students: /* {"app": "dbt", "dbt_version": "1.10.7", "profile_name": "dbtstudio_getting_started", "target_name": "dev", "node_id": "model.dbtstudio_getting_started.main_students"} */

  
  create view "university_sample"."main"."main_students__dbt_tmp" as (
    with students as (
	select
		student_id,
		name,
		major,
		enrollment_year
	from "university_sample"."main"."students"
)

select * from students
  );

[0m11:27:55.563380 [debug] [Thread-1 (]: On model.dbtstudio_getting_started.main_courses: /* {"app": "dbt", "dbt_version": "1.10.7", "profile_name": "dbtstudio_getting_started", "target_name": "dev", "node_id": "model.dbtstudio_getting_started.main_courses"} */

  
  create view "university_sample"."main"."main_courses__dbt_tmp" as (
    with courses as (
	select
		course_id,
		title,
		department,
		credits
	from "university_sample"."main"."courses"
)

select * from courses
  );

[0m11:27:55.563631 [debug] [Thread-2 (]: On model.dbtstudio_getting_started.main_enrollments: /* {"app": "dbt", "dbt_version": "1.10.7", "profile_name": "dbtstudio_getting_started", "target_name": "dev", "node_id": "model.dbtstudio_getting_started.main_enrollments"} */

  
  create view "university_sample"."main"."main_enrollments__dbt_tmp" as (
    with enrollments as (
	select
		enrollment_id,
		student_id,
		course_id,
		semester
	from "university_sample"."main"."enrollments"
)

select * from enrollments
  );

[0m11:27:55.564263 [debug] [Thread-3 (]: SQL status: OK in 0.000 seconds
[0m11:27:55.564479 [debug] [Thread-1 (]: SQL status: OK in 0.000 seconds
[0m11:27:55.564667 [debug] [Thread-4 (]: SQL status: OK in 0.001 seconds
[0m11:27:55.568029 [debug] [Thread-3 (]: Using duckdb connection "model.dbtstudio_getting_started.main_grades"
[0m11:27:55.568252 [debug] [Thread-2 (]: SQL status: OK in 0.004 seconds
[0m11:27:55.569886 [debug] [Thread-1 (]: Using duckdb connection "model.dbtstudio_getting_started.main_courses"
[0m11:27:55.572193 [debug] [Thread-4 (]: Using duckdb connection "model.dbtstudio_getting_started.main_students"
[0m11:27:55.572484 [debug] [Thread-3 (]: On model.dbtstudio_getting_started.main_grades: /* {"app": "dbt", "dbt_version": "1.10.7", "profile_name": "dbtstudio_getting_started", "target_name": "dev", "node_id": "model.dbtstudio_getting_started.main_grades"} */
alter view "university_sample"."main"."main_grades__dbt_tmp" rename to "main_grades"
[0m11:27:55.573937 [debug] [Thread-2 (]: Using duckdb connection "model.dbtstudio_getting_started.main_enrollments"
[0m11:27:55.574152 [debug] [Thread-1 (]: On model.dbtstudio_getting_started.main_courses: /* {"app": "dbt", "dbt_version": "1.10.7", "profile_name": "dbtstudio_getting_started", "target_name": "dev", "node_id": "model.dbtstudio_getting_started.main_courses"} */
alter view "university_sample"."main"."main_courses__dbt_tmp" rename to "main_courses"
[0m11:27:55.574352 [debug] [Thread-4 (]: On model.dbtstudio_getting_started.main_students: /* {"app": "dbt", "dbt_version": "1.10.7", "profile_name": "dbtstudio_getting_started", "target_name": "dev", "node_id": "model.dbtstudio_getting_started.main_students"} */
alter view "university_sample"."main"."main_students__dbt_tmp" rename to "main_students"
[0m11:27:55.574680 [debug] [Thread-2 (]: On model.dbtstudio_getting_started.main_enrollments: /* {"app": "dbt", "dbt_version": "1.10.7", "profile_name": "dbtstudio_getting_started", "target_name": "dev", "node_id": "model.dbtstudio_getting_started.main_enrollments"} */
alter view "university_sample"."main"."main_enrollments__dbt_tmp" rename to "main_enrollments"
[0m11:27:55.575710 [debug] [Thread-3 (]: SQL status: OK in 0.001 seconds
[0m11:27:55.576029 [debug] [Thread-1 (]: SQL status: OK in 0.001 seconds
[0m11:27:55.576366 [debug] [Thread-4 (]: SQL status: OK in 0.000 seconds
[0m11:27:55.581629 [debug] [Thread-3 (]: On model.dbtstudio_getting_started.main_grades: COMMIT
[0m11:27:55.581895 [debug] [Thread-2 (]: SQL status: OK in 0.006 seconds
[0m11:27:55.582661 [debug] [Thread-1 (]: On model.dbtstudio_getting_started.main_courses: COMMIT
[0m11:27:55.583281 [debug] [Thread-4 (]: On model.dbtstudio_getting_started.main_students: COMMIT
[0m11:27:55.583474 [debug] [Thread-3 (]: Using duckdb connection "model.dbtstudio_getting_started.main_grades"
[0m11:27:55.584155 [debug] [Thread-2 (]: On model.dbtstudio_getting_started.main_enrollments: COMMIT
[0m11:27:55.584353 [debug] [Thread-1 (]: Using duckdb connection "model.dbtstudio_getting_started.main_courses"
[0m11:27:55.584542 [debug] [Thread-4 (]: Using duckdb connection "model.dbtstudio_getting_started.main_students"
[0m11:27:55.584727 [debug] [Thread-3 (]: On model.dbtstudio_getting_started.main_grades: COMMIT
[0m11:27:55.584908 [debug] [Thread-2 (]: Using duckdb connection "model.dbtstudio_getting_started.main_enrollments"
[0m11:27:55.585087 [debug] [Thread-1 (]: On model.dbtstudio_getting_started.main_courses: COMMIT
[0m11:27:55.585266 [debug] [Thread-4 (]: On model.dbtstudio_getting_started.main_students: COMMIT
[0m11:27:55.585570 [debug] [Thread-2 (]: On model.dbtstudio_getting_started.main_enrollments: COMMIT
[0m11:27:55.586220 [debug] [Thread-3 (]: SQL status: OK in 0.001 seconds
[0m11:27:55.586545 [debug] [Thread-2 (]: SQL status: OK in 0.001 seconds
[0m11:27:55.586740 [debug] [Thread-4 (]: SQL status: OK in 0.001 seconds
[0m11:27:55.589668 [debug] [Thread-3 (]: Using duckdb connection "model.dbtstudio_getting_started.main_grades"
[0m11:27:55.589896 [debug] [Thread-1 (]: SQL status: OK in 0.004 seconds
[0m11:27:55.591082 [debug] [Thread-2 (]: Using duckdb connection "model.dbtstudio_getting_started.main_enrollments"
[0m11:27:55.592122 [debug] [Thread-4 (]: Using duckdb connection "model.dbtstudio_getting_started.main_students"
[0m11:27:55.592333 [debug] [Thread-3 (]: On model.dbtstudio_getting_started.main_grades: /* {"app": "dbt", "dbt_version": "1.10.7", "profile_name": "dbtstudio_getting_started", "target_name": "dev", "node_id": "model.dbtstudio_getting_started.main_grades"} */

      drop view if exists "university_sample"."main"."main_grades__dbt_backup" cascade
    
[0m11:27:55.593361 [debug] [Thread-1 (]: Using duckdb connection "model.dbtstudio_getting_started.main_courses"
[0m11:27:55.593562 [debug] [Thread-2 (]: On model.dbtstudio_getting_started.main_enrollments: /* {"app": "dbt", "dbt_version": "1.10.7", "profile_name": "dbtstudio_getting_started", "target_name": "dev", "node_id": "model.dbtstudio_getting_started.main_enrollments"} */

      drop view if exists "university_sample"."main"."main_enrollments__dbt_backup" cascade
    
[0m11:27:55.593767 [debug] [Thread-4 (]: On model.dbtstudio_getting_started.main_students: /* {"app": "dbt", "dbt_version": "1.10.7", "profile_name": "dbtstudio_getting_started", "target_name": "dev", "node_id": "model.dbtstudio_getting_started.main_students"} */

      drop view if exists "university_sample"."main"."main_students__dbt_backup" cascade
    
[0m11:27:55.594075 [debug] [Thread-1 (]: On model.dbtstudio_getting_started.main_courses: /* {"app": "dbt", "dbt_version": "1.10.7", "profile_name": "dbtstudio_getting_started", "target_name": "dev", "node_id": "model.dbtstudio_getting_started.main_courses"} */

      drop view if exists "university_sample"."main"."main_courses__dbt_backup" cascade
    
[0m11:27:55.594335 [debug] [Thread-3 (]: SQL status: OK in 0.000 seconds
[0m11:27:55.594579 [debug] [Thread-2 (]: SQL status: OK in 0.000 seconds
[0m11:27:55.594829 [debug] [Thread-4 (]: SQL status: OK in 0.000 seconds
[0m11:27:55.596071 [debug] [Thread-3 (]: On model.dbtstudio_getting_started.main_grades: Close
[0m11:27:55.596259 [debug] [Thread-1 (]: SQL status: OK in 0.001 seconds
[0m11:27:55.596907 [debug] [Thread-2 (]: On model.dbtstudio_getting_started.main_enrollments: Close
[0m11:27:55.597612 [debug] [Thread-4 (]: On model.dbtstudio_getting_started.main_students: Close
[0m11:27:55.599039 [debug] [Thread-1 (]: On model.dbtstudio_getting_started.main_courses: Close
[0m11:27:55.599734 [debug] [Thread-3 (]: Sending event: {'category': 'dbt', 'action': 'run_model', 'label': '13c2a999-75f5-477f-b5c3-31c6e039c03f', 'context': [<snowplow_tracker.self_describing_json.SelfDescribingJson object at 0x10e57c880>]}
[0m11:27:55.599906 [debug] [Thread-2 (]: Sending event: {'category': 'dbt', 'action': 'run_model', 'label': '13c2a999-75f5-477f-b5c3-31c6e039c03f', 'context': [<snowplow_tracker.self_describing_json.SelfDescribingJson object at 0x10bb1f190>]}
[0m11:27:55.600076 [debug] [Thread-4 (]: Sending event: {'category': 'dbt', 'action': 'run_model', 'label': '13c2a999-75f5-477f-b5c3-31c6e039c03f', 'context': [<snowplow_tracker.self_describing_json.SelfDescribingJson object at 0x10e57f3a0>]}
[0m11:27:55.600419 [info ] [Thread-3 (]: 3 of 4 OK created sql view model main.main_grades .............................. [[32mOK[0m in 0.07s]
[0m11:27:55.600827 [info ] [Thread-2 (]: 2 of 4 OK created sql view model main.main_enrollments ......................... [[32mOK[0m in 0.08s]
[0m11:27:55.601095 [debug] [Thread-1 (]: Sending event: {'category': 'dbt', 'action': 'run_model', 'label': '13c2a999-75f5-477f-b5c3-31c6e039c03f', 'context': [<snowplow_tracker.self_describing_json.SelfDescribingJson object at 0x10e637b80>]}
[0m11:27:55.601424 [info ] [Thread-4 (]: 4 of 4 OK created sql view model main.main_students ............................ [[32mOK[0m in 0.08s]
[0m11:27:55.601730 [debug] [Thread-3 (]: Finished running node model.dbtstudio_getting_started.main_grades
[0m11:27:55.602032 [debug] [Thread-2 (]: Finished running node model.dbtstudio_getting_started.main_enrollments
[0m11:27:55.602354 [info ] [Thread-1 (]: 1 of 4 OK created sql view model main.main_courses ............................. [[32mOK[0m in 0.08s]
[0m11:27:55.602638 [debug] [Thread-4 (]: Finished running node model.dbtstudio_getting_started.main_students
[0m11:27:55.603031 [debug] [Thread-1 (]: Finished running node model.dbtstudio_getting_started.main_courses
[0m11:27:55.603775 [debug] [MainThread]: Using duckdb connection "master"
[0m11:27:55.603967 [debug] [MainThread]: On master: BEGIN
[0m11:27:55.604121 [debug] [MainThread]: Opening a new connection, currently in state closed
[0m11:27:55.604437 [debug] [MainThread]: SQL status: OK in 0.000 seconds
[0m11:27:55.604602 [debug] [MainThread]: On master: COMMIT
[0m11:27:55.604759 [debug] [MainThread]: Using duckdb connection "master"
[0m11:27:55.604911 [debug] [MainThread]: On master: COMMIT
[0m11:27:55.605201 [debug] [MainThread]: SQL status: OK in 0.000 seconds
[0m11:27:55.605383 [debug] [MainThread]: On master: Close
[0m11:27:55.605653 [debug] [MainThread]: Connection 'master' was properly closed.
[0m11:27:55.605807 [debug] [MainThread]: Connection 'model.dbtstudio_getting_started.main_courses' was properly closed.
[0m11:27:55.605953 [debug] [MainThread]: Connection 'model.dbtstudio_getting_started.main_enrollments' was properly closed.
[0m11:27:55.606094 [debug] [MainThread]: Connection 'model.dbtstudio_getting_started.main_grades' was properly closed.
[0m11:27:55.606235 [debug] [MainThread]: Connection 'model.dbtstudio_getting_started.main_students' was properly closed.
[0m11:27:55.606437 [info ] [MainThread]: 
[0m11:27:55.606620 [info ] [MainThread]: Finished running 4 view models in 0 hours 0 minutes and 0.18 seconds (0.18s).
[0m11:27:55.607106 [debug] [MainThread]: Command end result
[0m11:27:55.620392 [debug] [MainThread]: Wrote artifact WritableManifest to /Users/nuhibesimi/rosetta-dbt-studio-projects/dbtstudio_getting_started/target/manifest.json
[0m11:27:55.621448 [debug] [MainThread]: Wrote artifact SemanticManifest to /Users/nuhibesimi/rosetta-dbt-studio-projects/dbtstudio_getting_started/target/semantic_manifest.json
[0m11:27:55.624561 [debug] [MainThread]: Wrote artifact RunExecutionResult to /Users/nuhibesimi/rosetta-dbt-studio-projects/dbtstudio_getting_started/target/run_results.json
[0m11:27:55.624772 [info ] [MainThread]: 
[0m11:27:55.624986 [info ] [MainThread]: [32mCompleted successfully[0m
[0m11:27:55.625144 [info ] [MainThread]: 
[0m11:27:55.625311 [info ] [MainThread]: Done. PASS=4 WARN=0 ERROR=0 SKIP=0 NO-OP=0 TOTAL=4
[0m11:27:55.626171 [debug] [MainThread]: Resource report: {"command_name": "run", "command_success": true, "command_wall_clock_time": 1.2033544, "process_in_blocks": "0", "process_kernel_time": 0.229648, "process_mem_max_rss": "153518080", "process_out_blocks": "0", "process_user_time": 1.604667}
[0m11:27:55.626591 [debug] [MainThread]: Command `dbt run` succeeded at 11:27:55.626528 after 1.20 seconds
[0m11:27:55.626847 [debug] [MainThread]: Sending event: {'category': 'dbt', 'action': 'invocation', 'label': 'end', 'context': [<snowplow_tracker.self_describing_json.SelfDescribingJson object at 0x10cd003d0>, <snowplow_tracker.self_describing_json.SelfDescribingJson object at 0x10b8f00d0>, <snowplow_tracker.self_describing_json.SelfDescribingJson object at 0x10b6077f0>]}
[0m11:27:55.627079 [debug] [MainThread]: Flushing usage events
[0m11:27:56.278636 [debug] [MainThread]: An error was encountered while trying to flush usage events
